


ARM Macro Assembler    Page 1 


    1 00000000         ;/*-----------------------------------------------------
                       ----------------------------------------------------*/
    2 00000000         ;/*                           */
    3 00000000         ;/* Copyright(c) 2009 Nuvoton Technology Corp. All right
                       s reserved.           */
    4 00000000         ;/*                           */
    5 00000000         ;/*-----------------------------------------------------
                       ----------------------------------------------------*/
    6 00000000         
    7 00000000         ;;;;;;;;;;;;;;;;;;;;;;;;;;;;;;;;;;;;;;;;;;;;;;;;;;;
    8 00000000         ;;;;;;;;;;;;;;;;;;;;;;;;;;;;;;;;;;;;;;;;;;;;;;;;;;;
    9 00000000         
   10 00000000 00000300 
                       Stack_Size
                               EQU              0x00000300
   11 00000000         
   12 00000000                 AREA             STACK, NOINIT, READWRITE, ALIGN
=3
   13 00000000         Stack_Mem
                               SPACE            Stack_Size
   14 00000300         __initial_sp
   15 00000300         
   16 00000300         ; <h> Heap Configuration
   17 00000300         ; <o>  Heap Size (in Bytes) <0x0-0xFFFFFFFF:8>
   18 00000300         ; </h>
   19 00000300         
   20 00000300 00000100 
                       Heap_Size
                               EQU              0x00000100
   21 00000300         
   22 00000300                 AREA             HEAP, NOINIT, READWRITE, ALIGN=
3
   23 00000000         __heap_base
   24 00000000         Heap_Mem
                               SPACE            Heap_Size
   25 00000100         __heap_limit
   26 00000100         
   27 00000100         
   28 00000100                 PRESERVE8
   29 00000100                 THUMB
   30 00000100         
   31 00000100         
   32 00000100         ; Vector Table Mapped to Address 0 at Reset
   33 00000100                 AREA             RESET, DATA, READONLY
   34 00000000                 EXPORT           __Vectors
   35 00000000         
   36 00000000         
   37 00000000 00000000 
                       __Vectors
                               DCD              __initial_sp ; Top of Stack
   38 00000004 00000000        DCD              Reset_Handler ; Reset Handler
   39 00000008 00000000        DCD              NMI_Wrapper ; NMI Handler
   40 0000000C 00000000        DCD              HardFault_Wrapper ; Hard Fault 
                                                            Handler
   41 00000010 00000000        DCD              0           ; Reserved
   42 00000014 00000000        DCD              0           ; Reserved
   43 00000018 00000000        DCD              0           ; Reserved
   44 0000001C 00000000        DCD              0           ; Reserved
   45 00000020 00000000        DCD              0           ; Reserved



ARM Macro Assembler    Page 2 


   46 00000024 00000000        DCD              0           ; Reserved
   47 00000028 00000000        DCD              0           ; Reserved
   48 0000002C 00000000        DCD              SVC_Wrapper ; SVCall Handler
   49 00000030 00000000        DCD              0           ; Reserved
   50 00000034 00000000        DCD              0           ; Reserved
   51 00000038 00000000        DCD              PendSV_Wrapper ; PendSV Handler
                                                            
   52 0000003C 00000000        DCD              SysTick_Wrapper 
                                                            ; SysTick Handler
   53 00000040         
   54 00000040         ; External Interrupts
   55 00000040         ; maximum of 32 External Interrupts are possible
   56 00000040 00000000        DCD              WDT_Wrapper
   57 00000044 00000000        DCD              APU_Wrapper
   58 00000048 00000000        DCD              ADC_Wrapper
   59 0000004C 00000000        DCD              EXINT_Wrapper
   60 00000050 00000000        DCD              USB_Wrapper
   61 00000054 00000000        DCD              TMR0_Wrapper
   62 00000058 00000000        DCD              TMR1_Wrapper
   63 0000005C 00000000        DCD              TMR2_Wrapper
   64 00000060 00000000        DCD              GPAB_Wrapper
   65 00000064 00000000        DCD              SPI0_Wrapper
   66 00000068 00000000        DCD              PWM0_Wrapper
   67 0000006C 00000000        DCD              SPI1_Wrapper
   68 00000070 00000000        DCD              TMRF_Wrapper
   69 00000074 00000000        DCD              RTC_Wrapper
   70 00000078 00000000        DCD              PWRWU_Wrapper
   71 0000007C         
   72 0000007C         
   73 0000007C         ; Start of area "EXCEPTION"
   74 0000007C                 AREA             EXCEPTION, CODE, READONLY
   75 00000000         ; Dummy Exception Handlers (infinite loops which can be 
                       modified)
   76 00000000         
   77 00000000         NMI_Wrapper
                               PROC
   78 00000000                 EXPORT           NMI_Wrapper      [WEAK]
   79 00000000 481E            LDR              R0, =NMI_ISR
   80 00000002 6800            LDR              R0, [R0]
   81 00000004 4700            BX               R0
   82 00000006                 ENDP
   83 00000006         
   85 00000006         HardFault_Wrapper
                               PROC
   86 00000006                 EXPORT           HardFault_Wrapper    [WEAK]
   87 00000006 481E            LDR              R0, =HardFault_ISR
   88 00000008 6800            LDR              R0, [R0]
   89 0000000A 4700            BX               R0
   90 0000000C                 ENDP
   91 0000000C         
   92 0000000C         SVC_Wrapper
                               PROC
   93 0000000C                 EXPORT           SVC_Wrapper      [WEAK]
   94 0000000C 481D            LDR              R0, =SVC_ISR
   95 0000000E 6800            LDR              R0, [R0]
   96 00000010 4700            BX               R0
   97 00000012                 ENDP
   98 00000012         
   99 00000012         PendSV_Wrapper



ARM Macro Assembler    Page 3 


                               PROC
  100 00000012                 EXPORT           PendSV_Wrapper     [WEAK]
  101 00000012 481D            LDR              R0, =PendSV_ISR
  102 00000014 6800            LDR              R0, [R0]
  103 00000016 4700            BX               R0
  104 00000018                 ENDP
  105 00000018         
  106 00000018         SysTick_Wrapper
                               PROC
  107 00000018                 EXPORT           SysTick_Wrapper     [WEAK]
  108 00000018 481C            LDR              R0, =SysTick_ISR
  109 0000001A 6800            LDR              R0, [R0]
  110 0000001C 4700            BX               R0
  111 0000001E                 ENDP
  112 0000001E         
  113 0000001E         WDT_Wrapper
                               PROC
  114 0000001E 481C            LDR              R0, =WDT_ISR
  115 00000020 6800            LDR              R0, [R0]
  116 00000022 4700            BX               R0
  117 00000024                 ENDP
  118 00000024         
  119 00000024         APU_Wrapper
                               PROC
  120 00000024 481B            LDR              R0, =APU_ISR
  121 00000026 6800            LDR              R0, [R0]
  122 00000028 4700            BX               R0
  123 0000002A                 ENDP
  124 0000002A         
  125 0000002A         ADC_Wrapper
                               PROC
  126 0000002A 481B            LDR              R0, =ADC_ISR
  127 0000002C 6800            LDR              R0, [R0]
  128 0000002E 4700            BX               R0
  129 00000030                 ENDP
  130 00000030         
  131 00000030         EXINT_Wrapper
                               PROC
  132 00000030 481A            LDR              R0, =EXINT_ISR
  133 00000032 6800            LDR              R0, [R0]
  134 00000034 4700            BX               R0
  135 00000036                 ENDP
  136 00000036         
  137 00000036         USB_Wrapper
                               PROC
  138 00000036 481A            LDR              R0, =USB_ISR
  139 00000038 6800            LDR              R0, [R0]
  140 0000003A 4700            BX               R0
  141 0000003C                 ENDP
  142 0000003C         
  143 0000003C         TMR0_Wrapper
                               PROC
  144 0000003C 4819            LDR              R0, =TMR0_ISR
  145 0000003E 6800            LDR              R0, [R0]
  146 00000040 4700            BX               R0
  147 00000042                 ENDP
  148 00000042         
  149 00000042         TMR1_Wrapper
                               PROC



ARM Macro Assembler    Page 4 


  150 00000042 4819            LDR              R0, =TMR1_ISR
  151 00000044 6800            LDR              R0, [R0]
  152 00000046 4700            BX               R0
  153 00000048                 ENDP
  154 00000048         
  155 00000048         TMR2_Wrapper
                               PROC
  156 00000048 4818            LDR              R0, =TMR2_ISR
  157 0000004A 6800            LDR              R0, [R0]
  158 0000004C 4700            BX               R0
  159 0000004E                 ENDP
  160 0000004E         
  161 0000004E         GPAB_Wrapper
                               PROC
  162 0000004E 4818            LDR              R0, =GPAB_ISR
  163 00000050 6800            LDR              R0, [R0]
  164 00000052 4700            BX               R0
  165 00000054                 ENDP
  166 00000054         
  167 00000054         SPI0_Wrapper
                               PROC
  168 00000054 4817            LDR              R0, =SPI0_ISR
  169 00000056 6800            LDR              R0, [R0]
  170 00000058 4700            BX               R0
  171 0000005A                 ENDP
  172 0000005A         
  173 0000005A         PWM0_Wrapper
                               PROC
  174 0000005A 4817            LDR              R0, =PWM0_ISR
  175 0000005C 6800            LDR              R0, [R0]
  176 0000005E 4700            BX               R0
  177 00000060                 ENDP
  178 00000060         
  179 00000060         SPI1_Wrapper
                               PROC
  180 00000060 4816            LDR              R0, =SPI1_ISR
  181 00000062 6800            LDR              R0, [R0]
  182 00000064 4700            BX               R0
  183 00000066                 ENDP
  184 00000066         
  185 00000066         TMRF_Wrapper
                               PROC
  186 00000066 4816            LDR              R0, =TMRF_ISR
  187 00000068 6800            LDR              R0, [R0]
  188 0000006A 4700            BX               R0
  189 0000006C                 ENDP
  190 0000006C         
  191 0000006C         RTC_Wrapper
                               PROC
  192 0000006C 4815            LDR              R0, =RTC_ISR
  193 0000006E 6800            LDR              R0, [R0]
  194 00000070 4700            BX               R0
  195 00000072                 ENDP
  196 00000072         
  197 00000072         PWRWU_Wrapper
                               PROC
  198 00000072 4815            LDR              R0, =PWRWU_ISR
  199 00000074 6800            LDR              R0, [R0]
  200 00000076 4700            BX               R0



ARM Macro Assembler    Page 5 


  201 00000078                 ENDP
  202 00000078         
  203 00000078         Default_Handler
                               PROC
  204 00000078                 EXPORT           HardFault_Handler    [WEAK]
  205 00000078                 EXPORT           NMI_Handler      [WEAK]
  206 00000078                 EXPORT           SVC_Handler      [WEAK]
  207 00000078                 EXPORT           PendSV_Handler     [WEAK]
  208 00000078                 EXPORT           SysTick_Handler     [WEAK]
  209 00000078         HardFault_Handler
  210 00000078         NMI_Handler
  211 00000078         SVC_Handler
  212 00000078         PendSV_Handler
  213 00000078         SysTick_Handler
  214 00000078                 EXPORT           WDT_IRQHandler     [WEAK]
  215 00000078                 EXPORT           APU_IRQHandler     [WEAK]
  216 00000078                 EXPORT           ADC_IRQHandler     [WEAK]
  217 00000078                 EXPORT           EXINT_IRQHandler    [WEAK]
  218 00000078                 EXPORT           USB_IRQHandler     [WEAK]
  219 00000078                 EXPORT           TMR0_IRQHandler     [WEAK]
  220 00000078                 EXPORT           TMR1_IRQHandler     [WEAK]
  221 00000078                 EXPORT           TMR2_IRQHandler     [WEAK]
  222 00000078                 EXPORT           GPAB_IRQHandler     [WEAK]
  223 00000078                 EXPORT           SPI0_IRQHandler     [WEAK]
  224 00000078                 EXPORT           PWM0_IRQHandler     [WEAK]
  225 00000078                 EXPORT           SPI1_IRQHandler     [WEAK]
  226 00000078                 EXPORT           TMRF_IRQHandler     [WEAK]
  227 00000078                 EXPORT           RTC_IRQHandler            [WEAK
]
  228 00000078                 EXPORT           PWRWU_IRQHandler          [WEAK
]
  229 00000078         
  230 00000078         WDT_IRQHandler
  231 00000078         APU_IRQHandler
  232 00000078         ADC_IRQHandler
  233 00000078         EXINT_IRQHandler
  234 00000078         USB_IRQHandler
  235 00000078         TMR0_IRQHandler
  236 00000078         TMR1_IRQHandler
  237 00000078         TMR2_IRQHandler
  238 00000078         GPAB_IRQHandler
  239 00000078         SPI0_IRQHandler
  240 00000078         PWM0_IRQHandler
  241 00000078         SPI1_IRQHandler
  242 00000078         TMRF_IRQHandler
  243 00000078         RTC_IRQHandler
  244 00000078         PWRWU_IRQHandler
  245 00000078 E7FE            B                .
  246 0000007A                 ENDP
  247 0000007A 00 00           ALIGN
  248 0000007C         ; End of area "EXCEPTION"
  249 0000007C         
  250 0000007C         ; Start of area "STARTUP"     
  251 0000007C 00000000 
              00000000 
              00000000 
              00000000 
              00000000 
              00000000 



ARM Macro Assembler    Page 6 


              00000000 
              00000000 
              00000000 
              00000000 
              00000000 
              00000000 
              00000000 
              00000000 
              00000000 
              00000000 
              00000000 
              00000000 
              00000000 
              00000000         AREA             STARTUP, CODE, READONLY
  252 00000000         
  253 00000000         ; Reset Handler  
  254 00000000                 ENTRY
  255 00000000         Reset_Handler
                               PROC
  256 00000000                 EXPORT           Reset_Handler     [WEAK]
  257 00000000                 IMPORT           __main
  258 00000000         
  259 00000000 4803            LDR              R0, =__main
  260 00000002 4700            BX               R0
  261 00000004                 ENDP
  262 00000004         ; User Initial Stack & Heap
  263 00000004         
  264 00000004                 IF               :DEF:__MICROLIB
  271 00000004         
  272 00000004                 IMPORT           __use_two_region_memory
  273 00000004                 EXPORT           __user_initial_stackheap
  274 00000004         __user_initial_stackheap
  275 00000004         
  276 00000004 4803            LDR              R0, =  Heap_Mem
  277 00000006 4904            LDR              R1, = (Stack_Mem + Stack_Size)
  278 00000008 4A04            LDR              R2, = (Heap_Mem +  Heap_Size)
  279 0000000A 4B05            LDR              R3, = Stack_Mem
  280 0000000C 4770            BX               LR
  281 0000000E         
  282 0000000E 00 00           ALIGN
  283 00000010         
  284 00000010                 ENDIF
  285 00000010         
  286 00000010                 ALIGN
  287 00000010         ; End of area "STARTUP"
  288 00000010         
  289 00000010         ; Start of area "IRQTABLE"   
  290 00000010 00000000 
              00000000 
              00000300 
              00000100 
              00000000         AREA             IRQTABLE, DATA, READWRITE
  291 00000000 00000000 
                       Reset_ISR
                               DCD              Reset_Handler
  292 00000004 00000000 
                       HardFault_ISR
                               DCD              HardFault_Handler
  293 00000008 00000000 



ARM Macro Assembler    Page 7 


                       SVC_ISR DCD              SVC_Handler
  294 0000000C 00000000 
                       PendSV_ISR
                               DCD              PendSV_Handler
  295 00000010 00000000 
                       SysTick_ISR
                               DCD              SysTick_Handler
  296 00000014 00000000 
                       NMI_ISR DCD              NMI_Handler
  297 00000018         ; maximum of 32 External Interrupts are possible
  298 00000018 00000000 
                       WDT_ISR DCD              WDT_IRQHandler
  299 0000001C 00000000 
                       APU_ISR DCD              APU_IRQHandler
  300 00000020 00000000 
                       ADC_ISR DCD              ADC_IRQHandler
  301 00000024 00000000 
                       EXINT_ISR
                               DCD              EXINT_IRQHandler
  302 00000028 00000000 
                       USB_ISR DCD              USB_IRQHandler
  303 0000002C 00000000 
                       TMR0_ISR
                               DCD              TMR0_IRQHandler
  304 00000030 00000000 
                       TMR1_ISR
                               DCD              TMR1_IRQHandler
  305 00000034 00000000 
                       TMR2_ISR
                               DCD              TMR2_IRQHandler
  306 00000038 00000000 
                       GPAB_ISR
                               DCD              GPAB_IRQHandler
  307 0000003C 00000000 
                       SPI0_ISR
                               DCD              SPI0_IRQHandler
  308 00000040 00000000 
                       PWM0_ISR
                               DCD              PWM0_IRQHandler
  309 00000044 00000000 
                       SPI1_ISR
                               DCD              SPI1_IRQHandler
  310 00000048 00000000 
                       TMRF_ISR
                               DCD              TMRF_IRQHandler
  311 0000004C 00000000 
                       RTC_ISR DCD              RTC_IRQHandler
  312 00000050 00000000 
                       PWRWU_ISR
                               DCD              PWRWU_IRQHandler
  313 00000054                 ALIGN
  314 00000054         ; End of area "IRQTABLE"
  315 00000054                 EXPORT           HardFault_ISR
  316 00000054                 EXPORT           SVC_ISR
  317 00000054                 EXPORT           PendSV_ISR
  318 00000054                 EXPORT           SysTick_ISR
  319 00000054                 EXPORT           NMI_ISR
  320 00000054                 EXPORT           WDT_ISR
  321 00000054                 EXPORT           APU_ISR



ARM Macro Assembler    Page 8 


  322 00000054                 EXPORT           ADC_ISR
  323 00000054                 EXPORT           EXINT_ISR
  324 00000054                 EXPORT           USB_ISR
  325 00000054                 EXPORT           TMR0_ISR
  326 00000054                 EXPORT           TMR1_ISR
  327 00000054                 EXPORT           TMR2_ISR
  328 00000054                 EXPORT           GPAB_ISR
  329 00000054                 EXPORT           SPI0_ISR
  330 00000054                 EXPORT           PWM0_ISR
  331 00000054                 EXPORT           SPI1_ISR
  332 00000054                 EXPORT           TMRF_ISR
  333 00000054                 EXPORT           RTC_ISR
  334 00000054                 EXPORT           PWRWU_ISR
  335 00000054         
  336 00000054         ; Start of area "JMPTABLE"            
  337 00000054                 AREA             JMPTABLE, DATA, READONLY
  338 00000000 00000000 
                       appJumpAddress
                               DCD              __main
  339 00000004                 ALIGN
  340 00000004         ; End of area "JMPTABLE"
  341 00000004                 EXPORT           appJumpAddress
  342 00000004         
  343 00000004                 END
Command Line: --debug --xref --diag_suppress=9931 --cpu=Cortex-M0 --apcs=interw
ork --depend=.\f072\debug\startup_n572_isp.d -o.\f072\debug\startup_n572_isp.o 
-I"C:\Users\Marko\Desktop\Unacuna\github reposiory\P9_proto\firmware\motor_cont
roller\snooboardcode\RTE" -IC:\Keil_v5\ARM\CMSIS\Include --predefine="__EVAL SE
TA 1" --predefine="__UVISION_VERSION SETA 514" --predefine="__N572F072__ SETA 1
" --list=.\f072\debug\startup_n572_isp.lst ..\Nuvoton\CMSIS\CM0\startup\arm\sta
rtup_N572_ISP.s



ARM Macro Assembler    Page 1 Alphabetic symbol ordering
Relocatable symbols

STACK 00000000

Symbol: STACK
   Definitions
      At line 12 in file ..\Nuvoton\CMSIS\CM0\startup\arm\startup_N572_ISP.s
   Uses
      None
Comment: STACK unused
Stack_Mem 00000000

Symbol: Stack_Mem
   Definitions
      At line 13 in file ..\Nuvoton\CMSIS\CM0\startup\arm\startup_N572_ISP.s
   Uses
      At line 277 in file ..\Nuvoton\CMSIS\CM0\startup\arm\startup_N572_ISP.s
      At line 279 in file ..\Nuvoton\CMSIS\CM0\startup\arm\startup_N572_ISP.s

__initial_sp 00000300

Symbol: __initial_sp
   Definitions
      At line 14 in file ..\Nuvoton\CMSIS\CM0\startup\arm\startup_N572_ISP.s
   Uses
      At line 37 in file ..\Nuvoton\CMSIS\CM0\startup\arm\startup_N572_ISP.s
Comment: __initial_sp used once
3 symbols



ARM Macro Assembler    Page 1 Alphabetic symbol ordering
Relocatable symbols

HEAP 00000000

Symbol: HEAP
   Definitions
      At line 22 in file ..\Nuvoton\CMSIS\CM0\startup\arm\startup_N572_ISP.s
   Uses
      None
Comment: HEAP unused
Heap_Mem 00000000

Symbol: Heap_Mem
   Definitions
      At line 24 in file ..\Nuvoton\CMSIS\CM0\startup\arm\startup_N572_ISP.s
   Uses
      At line 276 in file ..\Nuvoton\CMSIS\CM0\startup\arm\startup_N572_ISP.s
      At line 278 in file ..\Nuvoton\CMSIS\CM0\startup\arm\startup_N572_ISP.s

__heap_base 00000000

Symbol: __heap_base
   Definitions
      At line 23 in file ..\Nuvoton\CMSIS\CM0\startup\arm\startup_N572_ISP.s
   Uses
      None
Comment: __heap_base unused
__heap_limit 00000100

Symbol: __heap_limit
   Definitions
      At line 25 in file ..\Nuvoton\CMSIS\CM0\startup\arm\startup_N572_ISP.s
   Uses
      None
Comment: __heap_limit unused
4 symbols



ARM Macro Assembler    Page 1 Alphabetic symbol ordering
Relocatable symbols

RESET 00000000

Symbol: RESET
   Definitions
      At line 33 in file ..\Nuvoton\CMSIS\CM0\startup\arm\startup_N572_ISP.s
   Uses
      None
Comment: RESET unused
__Vectors 00000000

Symbol: __Vectors
   Definitions
      At line 37 in file ..\Nuvoton\CMSIS\CM0\startup\arm\startup_N572_ISP.s
   Uses
      At line 34 in file ..\Nuvoton\CMSIS\CM0\startup\arm\startup_N572_ISP.s
Comment: __Vectors used once
2 symbols



ARM Macro Assembler    Page 1 Alphabetic symbol ordering
Relocatable symbols

ADC_IRQHandler 00000078

Symbol: ADC_IRQHandler
   Definitions
      At line 232 in file ..\Nuvoton\CMSIS\CM0\startup\arm\startup_N572_ISP.s
   Uses
      At line 216 in file ..\Nuvoton\CMSIS\CM0\startup\arm\startup_N572_ISP.s
      At line 300 in file ..\Nuvoton\CMSIS\CM0\startup\arm\startup_N572_ISP.s

ADC_Wrapper 0000002A

Symbol: ADC_Wrapper
   Definitions
      At line 125 in file ..\Nuvoton\CMSIS\CM0\startup\arm\startup_N572_ISP.s
   Uses
      At line 58 in file ..\Nuvoton\CMSIS\CM0\startup\arm\startup_N572_ISP.s
Comment: ADC_Wrapper used once
APU_IRQHandler 00000078

Symbol: APU_IRQHandler
   Definitions
      At line 231 in file ..\Nuvoton\CMSIS\CM0\startup\arm\startup_N572_ISP.s
   Uses
      At line 215 in file ..\Nuvoton\CMSIS\CM0\startup\arm\startup_N572_ISP.s
      At line 299 in file ..\Nuvoton\CMSIS\CM0\startup\arm\startup_N572_ISP.s

APU_Wrapper 00000024

Symbol: APU_Wrapper
   Definitions
      At line 119 in file ..\Nuvoton\CMSIS\CM0\startup\arm\startup_N572_ISP.s
   Uses
      At line 57 in file ..\Nuvoton\CMSIS\CM0\startup\arm\startup_N572_ISP.s
Comment: APU_Wrapper used once
Default_Handler 00000078

Symbol: Default_Handler
   Definitions
      At line 203 in file ..\Nuvoton\CMSIS\CM0\startup\arm\startup_N572_ISP.s
   Uses
      None
Comment: Default_Handler unused
EXCEPTION 00000000

Symbol: EXCEPTION
   Definitions
      At line 74 in file ..\Nuvoton\CMSIS\CM0\startup\arm\startup_N572_ISP.s
   Uses
      None
Comment: EXCEPTION unused
EXINT_IRQHandler 00000078

Symbol: EXINT_IRQHandler
   Definitions
      At line 233 in file ..\Nuvoton\CMSIS\CM0\startup\arm\startup_N572_ISP.s
   Uses
      At line 217 in file ..\Nuvoton\CMSIS\CM0\startup\arm\startup_N572_ISP.s
      At line 301 in file ..\Nuvoton\CMSIS\CM0\startup\arm\startup_N572_ISP.s




ARM Macro Assembler    Page 2 Alphabetic symbol ordering
Relocatable symbols

EXINT_Wrapper 00000030

Symbol: EXINT_Wrapper
   Definitions
      At line 131 in file ..\Nuvoton\CMSIS\CM0\startup\arm\startup_N572_ISP.s
   Uses
      At line 59 in file ..\Nuvoton\CMSIS\CM0\startup\arm\startup_N572_ISP.s
Comment: EXINT_Wrapper used once
GPAB_IRQHandler 00000078

Symbol: GPAB_IRQHandler
   Definitions
      At line 238 in file ..\Nuvoton\CMSIS\CM0\startup\arm\startup_N572_ISP.s
   Uses
      At line 222 in file ..\Nuvoton\CMSIS\CM0\startup\arm\startup_N572_ISP.s
      At line 306 in file ..\Nuvoton\CMSIS\CM0\startup\arm\startup_N572_ISP.s

GPAB_Wrapper 0000004E

Symbol: GPAB_Wrapper
   Definitions
      At line 161 in file ..\Nuvoton\CMSIS\CM0\startup\arm\startup_N572_ISP.s
   Uses
      At line 64 in file ..\Nuvoton\CMSIS\CM0\startup\arm\startup_N572_ISP.s
Comment: GPAB_Wrapper used once
HardFault_Handler 00000078

Symbol: HardFault_Handler
   Definitions
      At line 209 in file ..\Nuvoton\CMSIS\CM0\startup\arm\startup_N572_ISP.s
   Uses
      At line 204 in file ..\Nuvoton\CMSIS\CM0\startup\arm\startup_N572_ISP.s
      At line 292 in file ..\Nuvoton\CMSIS\CM0\startup\arm\startup_N572_ISP.s

HardFault_Wrapper 00000006

Symbol: HardFault_Wrapper
   Definitions
      At line 85 in file ..\Nuvoton\CMSIS\CM0\startup\arm\startup_N572_ISP.s
   Uses
      At line 40 in file ..\Nuvoton\CMSIS\CM0\startup\arm\startup_N572_ISP.s
      At line 86 in file ..\Nuvoton\CMSIS\CM0\startup\arm\startup_N572_ISP.s

NMI_Handler 00000078

Symbol: NMI_Handler
   Definitions
      At line 210 in file ..\Nuvoton\CMSIS\CM0\startup\arm\startup_N572_ISP.s
   Uses
      At line 205 in file ..\Nuvoton\CMSIS\CM0\startup\arm\startup_N572_ISP.s
      At line 296 in file ..\Nuvoton\CMSIS\CM0\startup\arm\startup_N572_ISP.s

NMI_Wrapper 00000000

Symbol: NMI_Wrapper
   Definitions
      At line 77 in file ..\Nuvoton\CMSIS\CM0\startup\arm\startup_N572_ISP.s
   Uses
      At line 39 in file ..\Nuvoton\CMSIS\CM0\startup\arm\startup_N572_ISP.s



ARM Macro Assembler    Page 3 Alphabetic symbol ordering
Relocatable symbols

      At line 78 in file ..\Nuvoton\CMSIS\CM0\startup\arm\startup_N572_ISP.s

PWM0_IRQHandler 00000078

Symbol: PWM0_IRQHandler
   Definitions
      At line 240 in file ..\Nuvoton\CMSIS\CM0\startup\arm\startup_N572_ISP.s
   Uses
      At line 224 in file ..\Nuvoton\CMSIS\CM0\startup\arm\startup_N572_ISP.s
      At line 308 in file ..\Nuvoton\CMSIS\CM0\startup\arm\startup_N572_ISP.s

PWM0_Wrapper 0000005A

Symbol: PWM0_Wrapper
   Definitions
      At line 173 in file ..\Nuvoton\CMSIS\CM0\startup\arm\startup_N572_ISP.s
   Uses
      At line 66 in file ..\Nuvoton\CMSIS\CM0\startup\arm\startup_N572_ISP.s
Comment: PWM0_Wrapper used once
PWRWU_IRQHandler 00000078

Symbol: PWRWU_IRQHandler
   Definitions
      At line 244 in file ..\Nuvoton\CMSIS\CM0\startup\arm\startup_N572_ISP.s
   Uses
      At line 228 in file ..\Nuvoton\CMSIS\CM0\startup\arm\startup_N572_ISP.s
      At line 312 in file ..\Nuvoton\CMSIS\CM0\startup\arm\startup_N572_ISP.s

PWRWU_Wrapper 00000072

Symbol: PWRWU_Wrapper
   Definitions
      At line 197 in file ..\Nuvoton\CMSIS\CM0\startup\arm\startup_N572_ISP.s
   Uses
      At line 70 in file ..\Nuvoton\CMSIS\CM0\startup\arm\startup_N572_ISP.s
Comment: PWRWU_Wrapper used once
PendSV_Handler 00000078

Symbol: PendSV_Handler
   Definitions
      At line 212 in file ..\Nuvoton\CMSIS\CM0\startup\arm\startup_N572_ISP.s
   Uses
      At line 207 in file ..\Nuvoton\CMSIS\CM0\startup\arm\startup_N572_ISP.s
      At line 294 in file ..\Nuvoton\CMSIS\CM0\startup\arm\startup_N572_ISP.s

PendSV_Wrapper 00000012

Symbol: PendSV_Wrapper
   Definitions
      At line 99 in file ..\Nuvoton\CMSIS\CM0\startup\arm\startup_N572_ISP.s
   Uses
      At line 51 in file ..\Nuvoton\CMSIS\CM0\startup\arm\startup_N572_ISP.s
      At line 100 in file ..\Nuvoton\CMSIS\CM0\startup\arm\startup_N572_ISP.s

RTC_IRQHandler 00000078

Symbol: RTC_IRQHandler
   Definitions
      At line 243 in file ..\Nuvoton\CMSIS\CM0\startup\arm\startup_N572_ISP.s



ARM Macro Assembler    Page 4 Alphabetic symbol ordering
Relocatable symbols

   Uses
      At line 227 in file ..\Nuvoton\CMSIS\CM0\startup\arm\startup_N572_ISP.s
      At line 311 in file ..\Nuvoton\CMSIS\CM0\startup\arm\startup_N572_ISP.s

RTC_Wrapper 0000006C

Symbol: RTC_Wrapper
   Definitions
      At line 191 in file ..\Nuvoton\CMSIS\CM0\startup\arm\startup_N572_ISP.s
   Uses
      At line 69 in file ..\Nuvoton\CMSIS\CM0\startup\arm\startup_N572_ISP.s
Comment: RTC_Wrapper used once
SPI0_IRQHandler 00000078

Symbol: SPI0_IRQHandler
   Definitions
      At line 239 in file ..\Nuvoton\CMSIS\CM0\startup\arm\startup_N572_ISP.s
   Uses
      At line 223 in file ..\Nuvoton\CMSIS\CM0\startup\arm\startup_N572_ISP.s
      At line 307 in file ..\Nuvoton\CMSIS\CM0\startup\arm\startup_N572_ISP.s

SPI0_Wrapper 00000054

Symbol: SPI0_Wrapper
   Definitions
      At line 167 in file ..\Nuvoton\CMSIS\CM0\startup\arm\startup_N572_ISP.s
   Uses
      At line 65 in file ..\Nuvoton\CMSIS\CM0\startup\arm\startup_N572_ISP.s
Comment: SPI0_Wrapper used once
SPI1_IRQHandler 00000078

Symbol: SPI1_IRQHandler
   Definitions
      At line 241 in file ..\Nuvoton\CMSIS\CM0\startup\arm\startup_N572_ISP.s
   Uses
      At line 225 in file ..\Nuvoton\CMSIS\CM0\startup\arm\startup_N572_ISP.s
      At line 309 in file ..\Nuvoton\CMSIS\CM0\startup\arm\startup_N572_ISP.s

SPI1_Wrapper 00000060

Symbol: SPI1_Wrapper
   Definitions
      At line 179 in file ..\Nuvoton\CMSIS\CM0\startup\arm\startup_N572_ISP.s
   Uses
      At line 67 in file ..\Nuvoton\CMSIS\CM0\startup\arm\startup_N572_ISP.s
Comment: SPI1_Wrapper used once
SVC_Handler 00000078

Symbol: SVC_Handler
   Definitions
      At line 211 in file ..\Nuvoton\CMSIS\CM0\startup\arm\startup_N572_ISP.s
   Uses
      At line 206 in file ..\Nuvoton\CMSIS\CM0\startup\arm\startup_N572_ISP.s
      At line 293 in file ..\Nuvoton\CMSIS\CM0\startup\arm\startup_N572_ISP.s

SVC_Wrapper 0000000C

Symbol: SVC_Wrapper
   Definitions



ARM Macro Assembler    Page 5 Alphabetic symbol ordering
Relocatable symbols

      At line 92 in file ..\Nuvoton\CMSIS\CM0\startup\arm\startup_N572_ISP.s
   Uses
      At line 48 in file ..\Nuvoton\CMSIS\CM0\startup\arm\startup_N572_ISP.s
      At line 93 in file ..\Nuvoton\CMSIS\CM0\startup\arm\startup_N572_ISP.s

SysTick_Handler 00000078

Symbol: SysTick_Handler
   Definitions
      At line 213 in file ..\Nuvoton\CMSIS\CM0\startup\arm\startup_N572_ISP.s
   Uses
      At line 208 in file ..\Nuvoton\CMSIS\CM0\startup\arm\startup_N572_ISP.s
      At line 295 in file ..\Nuvoton\CMSIS\CM0\startup\arm\startup_N572_ISP.s

SysTick_Wrapper 00000018

Symbol: SysTick_Wrapper
   Definitions
      At line 106 in file ..\Nuvoton\CMSIS\CM0\startup\arm\startup_N572_ISP.s
   Uses
      At line 52 in file ..\Nuvoton\CMSIS\CM0\startup\arm\startup_N572_ISP.s
      At line 107 in file ..\Nuvoton\CMSIS\CM0\startup\arm\startup_N572_ISP.s

TMR0_IRQHandler 00000078

Symbol: TMR0_IRQHandler
   Definitions
      At line 235 in file ..\Nuvoton\CMSIS\CM0\startup\arm\startup_N572_ISP.s
   Uses
      At line 219 in file ..\Nuvoton\CMSIS\CM0\startup\arm\startup_N572_ISP.s
      At line 303 in file ..\Nuvoton\CMSIS\CM0\startup\arm\startup_N572_ISP.s

TMR0_Wrapper 0000003C

Symbol: TMR0_Wrapper
   Definitions
      At line 143 in file ..\Nuvoton\CMSIS\CM0\startup\arm\startup_N572_ISP.s
   Uses
      At line 61 in file ..\Nuvoton\CMSIS\CM0\startup\arm\startup_N572_ISP.s
Comment: TMR0_Wrapper used once
TMR1_IRQHandler 00000078

Symbol: TMR1_IRQHandler
   Definitions
      At line 236 in file ..\Nuvoton\CMSIS\CM0\startup\arm\startup_N572_ISP.s
   Uses
      At line 220 in file ..\Nuvoton\CMSIS\CM0\startup\arm\startup_N572_ISP.s
      At line 304 in file ..\Nuvoton\CMSIS\CM0\startup\arm\startup_N572_ISP.s

TMR1_Wrapper 00000042

Symbol: TMR1_Wrapper
   Definitions
      At line 149 in file ..\Nuvoton\CMSIS\CM0\startup\arm\startup_N572_ISP.s
   Uses
      At line 62 in file ..\Nuvoton\CMSIS\CM0\startup\arm\startup_N572_ISP.s
Comment: TMR1_Wrapper used once
TMR2_IRQHandler 00000078




ARM Macro Assembler    Page 6 Alphabetic symbol ordering
Relocatable symbols

Symbol: TMR2_IRQHandler
   Definitions
      At line 237 in file ..\Nuvoton\CMSIS\CM0\startup\arm\startup_N572_ISP.s
   Uses
      At line 221 in file ..\Nuvoton\CMSIS\CM0\startup\arm\startup_N572_ISP.s
      At line 305 in file ..\Nuvoton\CMSIS\CM0\startup\arm\startup_N572_ISP.s

TMR2_Wrapper 00000048

Symbol: TMR2_Wrapper
   Definitions
      At line 155 in file ..\Nuvoton\CMSIS\CM0\startup\arm\startup_N572_ISP.s
   Uses
      At line 63 in file ..\Nuvoton\CMSIS\CM0\startup\arm\startup_N572_ISP.s
Comment: TMR2_Wrapper used once
TMRF_IRQHandler 00000078

Symbol: TMRF_IRQHandler
   Definitions
      At line 242 in file ..\Nuvoton\CMSIS\CM0\startup\arm\startup_N572_ISP.s
   Uses
      At line 226 in file ..\Nuvoton\CMSIS\CM0\startup\arm\startup_N572_ISP.s
      At line 310 in file ..\Nuvoton\CMSIS\CM0\startup\arm\startup_N572_ISP.s

TMRF_Wrapper 00000066

Symbol: TMRF_Wrapper
   Definitions
      At line 185 in file ..\Nuvoton\CMSIS\CM0\startup\arm\startup_N572_ISP.s
   Uses
      At line 68 in file ..\Nuvoton\CMSIS\CM0\startup\arm\startup_N572_ISP.s
Comment: TMRF_Wrapper used once
USB_IRQHandler 00000078

Symbol: USB_IRQHandler
   Definitions
      At line 234 in file ..\Nuvoton\CMSIS\CM0\startup\arm\startup_N572_ISP.s
   Uses
      At line 218 in file ..\Nuvoton\CMSIS\CM0\startup\arm\startup_N572_ISP.s
      At line 302 in file ..\Nuvoton\CMSIS\CM0\startup\arm\startup_N572_ISP.s

USB_Wrapper 00000036

Symbol: USB_Wrapper
   Definitions
      At line 137 in file ..\Nuvoton\CMSIS\CM0\startup\arm\startup_N572_ISP.s
   Uses
      At line 60 in file ..\Nuvoton\CMSIS\CM0\startup\arm\startup_N572_ISP.s
Comment: USB_Wrapper used once
WDT_IRQHandler 00000078

Symbol: WDT_IRQHandler
   Definitions
      At line 230 in file ..\Nuvoton\CMSIS\CM0\startup\arm\startup_N572_ISP.s
   Uses
      At line 214 in file ..\Nuvoton\CMSIS\CM0\startup\arm\startup_N572_ISP.s
      At line 298 in file ..\Nuvoton\CMSIS\CM0\startup\arm\startup_N572_ISP.s

WDT_Wrapper 0000001E



ARM Macro Assembler    Page 7 Alphabetic symbol ordering
Relocatable symbols


Symbol: WDT_Wrapper
   Definitions
      At line 113 in file ..\Nuvoton\CMSIS\CM0\startup\arm\startup_N572_ISP.s
   Uses
      At line 56 in file ..\Nuvoton\CMSIS\CM0\startup\arm\startup_N572_ISP.s
Comment: WDT_Wrapper used once
42 symbols



ARM Macro Assembler    Page 1 Alphabetic symbol ordering
Relocatable symbols

Reset_Handler 00000000

Symbol: Reset_Handler
   Definitions
      At line 255 in file ..\Nuvoton\CMSIS\CM0\startup\arm\startup_N572_ISP.s
   Uses
      At line 38 in file ..\Nuvoton\CMSIS\CM0\startup\arm\startup_N572_ISP.s
      At line 256 in file ..\Nuvoton\CMSIS\CM0\startup\arm\startup_N572_ISP.s
      At line 291 in file ..\Nuvoton\CMSIS\CM0\startup\arm\startup_N572_ISP.s

STARTUP 00000000

Symbol: STARTUP
   Definitions
      At line 251 in file ..\Nuvoton\CMSIS\CM0\startup\arm\startup_N572_ISP.s
   Uses
      None
Comment: STARTUP unused
__user_initial_stackheap 00000004

Symbol: __user_initial_stackheap
   Definitions
      At line 274 in file ..\Nuvoton\CMSIS\CM0\startup\arm\startup_N572_ISP.s
   Uses
      At line 273 in file ..\Nuvoton\CMSIS\CM0\startup\arm\startup_N572_ISP.s
Comment: __user_initial_stackheap used once
3 symbols



ARM Macro Assembler    Page 1 Alphabetic symbol ordering
Relocatable symbols

ADC_ISR 00000020

Symbol: ADC_ISR
   Definitions
      At line 300 in file ..\Nuvoton\CMSIS\CM0\startup\arm\startup_N572_ISP.s
   Uses
      At line 126 in file ..\Nuvoton\CMSIS\CM0\startup\arm\startup_N572_ISP.s
      At line 322 in file ..\Nuvoton\CMSIS\CM0\startup\arm\startup_N572_ISP.s

APU_ISR 0000001C

Symbol: APU_ISR
   Definitions
      At line 299 in file ..\Nuvoton\CMSIS\CM0\startup\arm\startup_N572_ISP.s
   Uses
      At line 120 in file ..\Nuvoton\CMSIS\CM0\startup\arm\startup_N572_ISP.s
      At line 321 in file ..\Nuvoton\CMSIS\CM0\startup\arm\startup_N572_ISP.s

EXINT_ISR 00000024

Symbol: EXINT_ISR
   Definitions
      At line 301 in file ..\Nuvoton\CMSIS\CM0\startup\arm\startup_N572_ISP.s
   Uses
      At line 132 in file ..\Nuvoton\CMSIS\CM0\startup\arm\startup_N572_ISP.s
      At line 323 in file ..\Nuvoton\CMSIS\CM0\startup\arm\startup_N572_ISP.s

GPAB_ISR 00000038

Symbol: GPAB_ISR
   Definitions
      At line 306 in file ..\Nuvoton\CMSIS\CM0\startup\arm\startup_N572_ISP.s
   Uses
      At line 162 in file ..\Nuvoton\CMSIS\CM0\startup\arm\startup_N572_ISP.s
      At line 328 in file ..\Nuvoton\CMSIS\CM0\startup\arm\startup_N572_ISP.s

HardFault_ISR 00000004

Symbol: HardFault_ISR
   Definitions
      At line 292 in file ..\Nuvoton\CMSIS\CM0\startup\arm\startup_N572_ISP.s
   Uses
      At line 87 in file ..\Nuvoton\CMSIS\CM0\startup\arm\startup_N572_ISP.s
      At line 315 in file ..\Nuvoton\CMSIS\CM0\startup\arm\startup_N572_ISP.s

IRQTABLE 00000000

Symbol: IRQTABLE
   Definitions
      At line 290 in file ..\Nuvoton\CMSIS\CM0\startup\arm\startup_N572_ISP.s
   Uses
      None
Comment: IRQTABLE unused
NMI_ISR 00000014

Symbol: NMI_ISR
   Definitions
      At line 296 in file ..\Nuvoton\CMSIS\CM0\startup\arm\startup_N572_ISP.s
   Uses



ARM Macro Assembler    Page 2 Alphabetic symbol ordering
Relocatable symbols

      At line 79 in file ..\Nuvoton\CMSIS\CM0\startup\arm\startup_N572_ISP.s
      At line 319 in file ..\Nuvoton\CMSIS\CM0\startup\arm\startup_N572_ISP.s

PWM0_ISR 00000040

Symbol: PWM0_ISR
   Definitions
      At line 308 in file ..\Nuvoton\CMSIS\CM0\startup\arm\startup_N572_ISP.s
   Uses
      At line 174 in file ..\Nuvoton\CMSIS\CM0\startup\arm\startup_N572_ISP.s
      At line 330 in file ..\Nuvoton\CMSIS\CM0\startup\arm\startup_N572_ISP.s

PWRWU_ISR 00000050

Symbol: PWRWU_ISR
   Definitions
      At line 312 in file ..\Nuvoton\CMSIS\CM0\startup\arm\startup_N572_ISP.s
   Uses
      At line 198 in file ..\Nuvoton\CMSIS\CM0\startup\arm\startup_N572_ISP.s
      At line 334 in file ..\Nuvoton\CMSIS\CM0\startup\arm\startup_N572_ISP.s

PendSV_ISR 0000000C

Symbol: PendSV_ISR
   Definitions
      At line 294 in file ..\Nuvoton\CMSIS\CM0\startup\arm\startup_N572_ISP.s
   Uses
      At line 101 in file ..\Nuvoton\CMSIS\CM0\startup\arm\startup_N572_ISP.s
      At line 317 in file ..\Nuvoton\CMSIS\CM0\startup\arm\startup_N572_ISP.s

RTC_ISR 0000004C

Symbol: RTC_ISR
   Definitions
      At line 311 in file ..\Nuvoton\CMSIS\CM0\startup\arm\startup_N572_ISP.s
   Uses
      At line 192 in file ..\Nuvoton\CMSIS\CM0\startup\arm\startup_N572_ISP.s
      At line 333 in file ..\Nuvoton\CMSIS\CM0\startup\arm\startup_N572_ISP.s

Reset_ISR 00000000

Symbol: Reset_ISR
   Definitions
      At line 291 in file ..\Nuvoton\CMSIS\CM0\startup\arm\startup_N572_ISP.s
   Uses
      None
Comment: Reset_ISR unused
SPI0_ISR 0000003C

Symbol: SPI0_ISR
   Definitions
      At line 307 in file ..\Nuvoton\CMSIS\CM0\startup\arm\startup_N572_ISP.s
   Uses
      At line 168 in file ..\Nuvoton\CMSIS\CM0\startup\arm\startup_N572_ISP.s
      At line 329 in file ..\Nuvoton\CMSIS\CM0\startup\arm\startup_N572_ISP.s

SPI1_ISR 00000044

Symbol: SPI1_ISR



ARM Macro Assembler    Page 3 Alphabetic symbol ordering
Relocatable symbols

   Definitions
      At line 309 in file ..\Nuvoton\CMSIS\CM0\startup\arm\startup_N572_ISP.s
   Uses
      At line 180 in file ..\Nuvoton\CMSIS\CM0\startup\arm\startup_N572_ISP.s
      At line 331 in file ..\Nuvoton\CMSIS\CM0\startup\arm\startup_N572_ISP.s

SVC_ISR 00000008

Symbol: SVC_ISR
   Definitions
      At line 293 in file ..\Nuvoton\CMSIS\CM0\startup\arm\startup_N572_ISP.s
   Uses
      At line 94 in file ..\Nuvoton\CMSIS\CM0\startup\arm\startup_N572_ISP.s
      At line 316 in file ..\Nuvoton\CMSIS\CM0\startup\arm\startup_N572_ISP.s

SysTick_ISR 00000010

Symbol: SysTick_ISR
   Definitions
      At line 295 in file ..\Nuvoton\CMSIS\CM0\startup\arm\startup_N572_ISP.s
   Uses
      At line 108 in file ..\Nuvoton\CMSIS\CM0\startup\arm\startup_N572_ISP.s
      At line 318 in file ..\Nuvoton\CMSIS\CM0\startup\arm\startup_N572_ISP.s

TMR0_ISR 0000002C

Symbol: TMR0_ISR
   Definitions
      At line 303 in file ..\Nuvoton\CMSIS\CM0\startup\arm\startup_N572_ISP.s
   Uses
      At line 144 in file ..\Nuvoton\CMSIS\CM0\startup\arm\startup_N572_ISP.s
      At line 325 in file ..\Nuvoton\CMSIS\CM0\startup\arm\startup_N572_ISP.s

TMR1_ISR 00000030

Symbol: TMR1_ISR
   Definitions
      At line 304 in file ..\Nuvoton\CMSIS\CM0\startup\arm\startup_N572_ISP.s
   Uses
      At line 150 in file ..\Nuvoton\CMSIS\CM0\startup\arm\startup_N572_ISP.s
      At line 326 in file ..\Nuvoton\CMSIS\CM0\startup\arm\startup_N572_ISP.s

TMR2_ISR 00000034

Symbol: TMR2_ISR
   Definitions
      At line 305 in file ..\Nuvoton\CMSIS\CM0\startup\arm\startup_N572_ISP.s
   Uses
      At line 156 in file ..\Nuvoton\CMSIS\CM0\startup\arm\startup_N572_ISP.s
      At line 327 in file ..\Nuvoton\CMSIS\CM0\startup\arm\startup_N572_ISP.s

TMRF_ISR 00000048

Symbol: TMRF_ISR
   Definitions
      At line 310 in file ..\Nuvoton\CMSIS\CM0\startup\arm\startup_N572_ISP.s
   Uses
      At line 186 in file ..\Nuvoton\CMSIS\CM0\startup\arm\startup_N572_ISP.s
      At line 332 in file ..\Nuvoton\CMSIS\CM0\startup\arm\startup_N572_ISP.s



ARM Macro Assembler    Page 4 Alphabetic symbol ordering
Relocatable symbols


USB_ISR 00000028

Symbol: USB_ISR
   Definitions
      At line 302 in file ..\Nuvoton\CMSIS\CM0\startup\arm\startup_N572_ISP.s
   Uses
      At line 138 in file ..\Nuvoton\CMSIS\CM0\startup\arm\startup_N572_ISP.s
      At line 324 in file ..\Nuvoton\CMSIS\CM0\startup\arm\startup_N572_ISP.s

WDT_ISR 00000018

Symbol: WDT_ISR
   Definitions
      At line 298 in file ..\Nuvoton\CMSIS\CM0\startup\arm\startup_N572_ISP.s
   Uses
      At line 114 in file ..\Nuvoton\CMSIS\CM0\startup\arm\startup_N572_ISP.s
      At line 320 in file ..\Nuvoton\CMSIS\CM0\startup\arm\startup_N572_ISP.s

22 symbols



ARM Macro Assembler    Page 1 Alphabetic symbol ordering
Relocatable symbols

JMPTABLE 00000000

Symbol: JMPTABLE
   Definitions
      At line 337 in file ..\Nuvoton\CMSIS\CM0\startup\arm\startup_N572_ISP.s
   Uses
      None
Comment: JMPTABLE unused
appJumpAddress 00000000

Symbol: appJumpAddress
   Definitions
      At line 338 in file ..\Nuvoton\CMSIS\CM0\startup\arm\startup_N572_ISP.s
   Uses
      At line 341 in file ..\Nuvoton\CMSIS\CM0\startup\arm\startup_N572_ISP.s
Comment: appJumpAddress used once
2 symbols



ARM Macro Assembler    Page 1 Alphabetic symbol ordering
Absolute symbols

Heap_Size 00000100

Symbol: Heap_Size
   Definitions
      At line 20 in file ..\Nuvoton\CMSIS\CM0\startup\arm\startup_N572_ISP.s
   Uses
      At line 24 in file ..\Nuvoton\CMSIS\CM0\startup\arm\startup_N572_ISP.s
      At line 278 in file ..\Nuvoton\CMSIS\CM0\startup\arm\startup_N572_ISP.s

Stack_Size 00000300

Symbol: Stack_Size
   Definitions
      At line 10 in file ..\Nuvoton\CMSIS\CM0\startup\arm\startup_N572_ISP.s
   Uses
      At line 13 in file ..\Nuvoton\CMSIS\CM0\startup\arm\startup_N572_ISP.s
      At line 277 in file ..\Nuvoton\CMSIS\CM0\startup\arm\startup_N572_ISP.s

2 symbols



ARM Macro Assembler    Page 1 Alphabetic symbol ordering
External symbols

__main 00000000

Symbol: __main
   Definitions
      At line 257 in file ..\Nuvoton\CMSIS\CM0\startup\arm\startup_N572_ISP.s
   Uses
      At line 259 in file ..\Nuvoton\CMSIS\CM0\startup\arm\startup_N572_ISP.s
      At line 338 in file ..\Nuvoton\CMSIS\CM0\startup\arm\startup_N572_ISP.s

__use_two_region_memory 00000000

Symbol: __use_two_region_memory
   Definitions
      At line 272 in file ..\Nuvoton\CMSIS\CM0\startup\arm\startup_N572_ISP.s
   Uses
      None
Comment: __use_two_region_memory unused
2 symbols
421 symbols in table
